Assembler report for IITB_RISC_2023
<<<<<<< HEAD
Mon May 01 01:25:19 2023
=======
Sun Apr 30 19:29:42 2023
>>>>>>> b19f83e0e8c7e58f2ce4e2132705276147518d4d
Quartus Prime Version 20.1.1 Build 720 11/11/2020 SJ Lite Edition


---------------------
; Table of Contents ;
---------------------
  1. Legal Notice
  2. Assembler Summary
  3. Assembler Settings
  4. Assembler Generated Files
  5. Assembler Device Options: C:/Users/Aakarsh Chaudhary/Documents/Git/IITB-RISC-2023/EE309_project/output_files/IITB_RISC_2023.sof
  6. Assembler Messages



----------------
; Legal Notice ;
----------------
Copyright (C) 2020  Intel Corporation. All rights reserved.
Your use of Intel Corporation's design tools, logic functions 
and other software and tools, and any partner logic 
functions, and any output files from any of the foregoing 
(including device programming or simulation files), and any 
associated documentation or information are expressly subject 
to the terms and conditions of the Intel Program License 
Subscription Agreement, the Intel Quartus Prime License Agreement,
the Intel FPGA IP License Agreement, or other applicable license
agreement, including, without limitation, that your use is for
the sole purpose of programming logic devices manufactured by
Intel and sold by Intel or its authorized distributors.  Please
refer to the applicable agreement for further details, at
https://fpgasoftware.intel.com/eula.



+---------------------------------------------------------------+
; Assembler Summary                                             ;
+-----------------------+---------------------------------------+
<<<<<<< HEAD
; Assembler Status      ; Successful - Mon May 01 01:25:19 2023 ;
=======
; Assembler Status      ; Successful - Sun Apr 30 19:29:42 2023 ;
>>>>>>> b19f83e0e8c7e58f2ce4e2132705276147518d4d
; Revision Name         ; IITB_RISC_2023                        ;
; Top-level Entity Name ; DUT                                   ;
; Family                ; MAX 10                                ;
; Device                ; 10M25SAE144C8G                        ;
+-----------------------+---------------------------------------+


+----------------------------------+
; Assembler Settings               ;
+--------+---------+---------------+
; Option ; Setting ; Default Value ;
+--------+---------+---------------+


+-------------------------------------------------------------------------------------------------------+
; Assembler Generated Files                                                                             ;
+-------------------------------------------------------------------------------------------------------+
; File Name                                                                                             ;
+-------------------------------------------------------------------------------------------------------+
; C:/Users/Aakarsh Chaudhary/Documents/Git/IITB-RISC-2023/EE309_project/output_files/IITB_RISC_2023.sof ;
+-------------------------------------------------------------------------------------------------------+


+---------------------------------------------------------------------------------------------------------------------------------+
; Assembler Device Options: C:/Users/Aakarsh Chaudhary/Documents/Git/IITB-RISC-2023/EE309_project/output_files/IITB_RISC_2023.sof ;
+----------------+----------------------------------------------------------------------------------------------------------------+
; Option         ; Setting                                                                                                        ;
+----------------+----------------------------------------------------------------------------------------------------------------+
<<<<<<< HEAD
; JTAG usercode  ; 0x001A2981                                                                                                     ;
; Checksum       ; 0x001A2981                                                                                                     ;
=======
; JTAG usercode  ; 0x0018A28A                                                                                                     ;
; Checksum       ; 0x0018A28A                                                                                                     ;
>>>>>>> b19f83e0e8c7e58f2ce4e2132705276147518d4d
+----------------+----------------------------------------------------------------------------------------------------------------+


+--------------------+
; Assembler Messages ;
+--------------------+
Info: *******************************************************************
Info: Running Quartus Prime Assembler
    Info: Version 20.1.1 Build 720 11/11/2020 SJ Lite Edition
<<<<<<< HEAD
    Info: Processing started: Mon May 01 01:25:18 2023
=======
    Info: Processing started: Sun Apr 30 19:29:40 2023
>>>>>>> b19f83e0e8c7e58f2ce4e2132705276147518d4d
Info: Command: quartus_asm --read_settings_files=off --write_settings_files=off IITB_RISC_2023 -c IITB_RISC_2023
Warning (18236): Number of processors has not been specified which may cause overloading on shared machines.  Set the global assignment NUM_PARALLEL_PROCESSORS in your QSF to an appropriate value for best performance.
Info (115031): Writing out detailed assembly data for power analysis
Info (115030): Assembler is generating device programming files
Info: Quartus Prime Assembler was successful. 0 errors, 1 warning
<<<<<<< HEAD
    Info: Peak virtual memory: 4688 megabytes
    Info: Processing ended: Mon May 01 01:25:19 2023
    Info: Elapsed time: 00:00:01
=======
    Info: Peak virtual memory: 4686 megabytes
    Info: Processing ended: Sun Apr 30 19:29:42 2023
    Info: Elapsed time: 00:00:02
>>>>>>> b19f83e0e8c7e58f2ce4e2132705276147518d4d
    Info: Total CPU time (on all processors): 00:00:01


