Flow report for IITB_RISC_2023
<<<<<<< HEAD
Mon May 01 01:31:27 2023
=======
Sun Apr 30 19:51:54 2023
>>>>>>> b19f83e0e8c7e58f2ce4e2132705276147518d4d
Quartus Prime Version 20.1.1 Build 720 11/11/2020 SJ Lite Edition


---------------------
; Table of Contents ;
---------------------
  1. Legal Notice
  2. Flow Summary
  3. Flow Settings
  4. Flow Non-Default Global Settings
  5. Flow Elapsed Time
  6. Flow OS Summary
  7. Flow Log
  8. Flow Messages
  9. Flow Suppressed Messages



----------------
; Legal Notice ;
----------------
Copyright (C) 2020  Intel Corporation. All rights reserved.
Your use of Intel Corporation's design tools, logic functions 
and other software and tools, and any partner logic 
functions, and any output files from any of the foregoing 
(including device programming or simulation files), and any 
associated documentation or information are expressly subject 
to the terms and conditions of the Intel Program License 
Subscription Agreement, the Intel Quartus Prime License Agreement,
the Intel FPGA IP License Agreement, or other applicable license
agreement, including, without limitation, that your use is for
the sole purpose of programming logic devices manufactured by
Intel and sold by Intel or its authorized distributors.  Please
refer to the applicable agreement for further details, at
https://fpgasoftware.intel.com/eula.



+----------------------------------------------------------------------------------+
; Flow Summary                                                                     ;
+------------------------------------+---------------------------------------------+
<<<<<<< HEAD
; Flow Status                        ; Successful - Mon May 01 01:31:27 2023       ;
=======
; Flow Status                        ; Successful - Sun Apr 30 19:51:54 2023       ;
>>>>>>> b19f83e0e8c7e58f2ce4e2132705276147518d4d
; Quartus Prime Version              ; 20.1.1 Build 720 11/11/2020 SJ Lite Edition ;
; Revision Name                      ; IITB_RISC_2023                              ;
; Top-level Entity Name              ; DUT                                         ;
; Family                             ; MAX 10                                      ;
; Device                             ; 10M25SAE144C8G                              ;
; Timing Models                      ; Final                                       ;
<<<<<<< HEAD
; Total logic elements               ; N/A until Partition Merge                   ;
;     Total combinational functions  ; N/A until Partition Merge                   ;
;     Dedicated logic registers      ; N/A until Partition Merge                   ;
; Total registers                    ; N/A until Partition Merge                   ;
; Total pins                         ; N/A until Partition Merge                   ;
; Total virtual pins                 ; N/A until Partition Merge                   ;
; Total memory bits                  ; N/A until Partition Merge                   ;
; Embedded Multiplier 9-bit elements ; N/A until Partition Merge                   ;
; Total PLLs                         ; N/A until Partition Merge                   ;
; UFM blocks                         ; N/A until Partition Merge                   ;
; ADC blocks                         ; N/A until Partition Merge                   ;
=======
; Total logic elements               ; 416                                         ;
;     Total combinational functions  ; 326                                         ;
;     Dedicated logic registers      ; 230                                         ;
; Total registers                    ; 230                                         ;
; Total pins                         ; 20                                          ;
; Total virtual pins                 ; 0                                           ;
; Total memory bits                  ; 39                                          ;
; Embedded Multiplier 9-bit elements ; 0                                           ;
; Total PLLs                         ; 0                                           ;
; UFM blocks                         ; 0                                           ;
; ADC blocks                         ; 0                                           ;
>>>>>>> b19f83e0e8c7e58f2ce4e2132705276147518d4d
+------------------------------------+---------------------------------------------+


+-----------------------------------------+
; Flow Settings                           ;
+-------------------+---------------------+
; Option            ; Setting             ;
+-------------------+---------------------+
<<<<<<< HEAD
; Start date & time ; 05/01/2023 01:31:20 ;
=======
; Start date & time ; 04/30/2023 19:51:39 ;
>>>>>>> b19f83e0e8c7e58f2ce4e2132705276147518d4d
; Main task         ; Compilation         ;
; Revision Name     ; IITB_RISC_2023      ;
+-------------------+---------------------+


+--------------------------------------------------------------------------------------------------------------------------------------------------+
; Flow Non-Default Global Settings                                                                                                                 ;
+--------------------------------------+----------------------------------------+----------------+-------------+-----------------------------------+
; Assignment Name                      ; Value                                  ; Default Value  ; Entity Name ; Section Id                        ;
+--------------------------------------+----------------------------------------+----------------+-------------+-----------------------------------+
<<<<<<< HEAD
; COMPILER_SIGNATURE_ID                ; 1099416724467.168288488011744          ; --             ; --          ; --                                ;
=======
; COMPILER_SIGNATURE_ID                ; 1096846492115.168286449914440          ; --             ; --          ; --                                ;
>>>>>>> b19f83e0e8c7e58f2ce4e2132705276147518d4d
; EDA_DESIGN_INSTANCE_NAME             ; NA                                     ; --             ; --          ; Testbench.vhdl                    ;
; EDA_GENERATE_FUNCTIONAL_NETLIST      ; Off                                    ; --             ; --          ; eda_board_design_timing           ;
; EDA_GENERATE_FUNCTIONAL_NETLIST      ; Off                                    ; --             ; --          ; eda_board_design_boundary_scan    ;
; EDA_GENERATE_FUNCTIONAL_NETLIST      ; Off                                    ; --             ; --          ; eda_board_design_signal_integrity ;
; EDA_GENERATE_FUNCTIONAL_NETLIST      ; Off                                    ; --             ; --          ; eda_board_design_symbol           ;
; EDA_NATIVELINK_SIMULATION_TEST_BENCH ; Testbench.vhdl                         ; --             ; --          ; eda_simulation                    ;
; EDA_OUTPUT_DATA_FORMAT               ; Vhdl                                   ; --             ; --          ; eda_simulation                    ;
; EDA_SIMULATION_TOOL                  ; ModelSim-Altera (VHDL)                 ; <None>         ; --          ; --                                ;
; EDA_TEST_BENCH_ENABLE_STATUS         ; TEST_BENCH_MODE                        ; --             ; --          ; eda_simulation                    ;
; EDA_TEST_BENCH_FILE                  ; Tracefile.txt                          ; --             ; --          ; Testbench.vhdl                    ;
; EDA_TEST_BENCH_FILE                  ; Testbench.vhd                          ; --             ; --          ; Testbench.vhdl                    ;
; EDA_TEST_BENCH_MODULE_NAME           ; Testbench                              ; --             ; --          ; Testbench.vhdl                    ;
; EDA_TEST_BENCH_NAME                  ; Testbench.vhdl                         ; --             ; --          ; eda_simulation                    ;
; EDA_TIME_SCALE                       ; 1 ps                                   ; --             ; --          ; eda_simulation                    ;
; FLOW_ENABLE_POWER_ANALYZER           ; On                                     ; Off            ; --          ; --                                ;
; MAX_CORE_JUNCTION_TEMP               ; 85                                     ; --             ; --          ; --                                ;
; MIN_CORE_JUNCTION_TEMP               ; 0                                      ; --             ; --          ; --                                ;
; PARTITION_COLOR                      ; -- (Not supported for targeted family) ; --             ; DUT         ; Top                               ;
; PARTITION_FITTER_PRESERVATION_LEVEL  ; -- (Not supported for targeted family) ; --             ; DUT         ; Top                               ;
; PARTITION_NETLIST_TYPE               ; -- (Not supported for targeted family) ; --             ; DUT         ; Top                               ;
; POWER_BOARD_THERMAL_MODEL            ; None (CONSERVATIVE)                    ; --             ; --          ; --                                ;
; POWER_DEFAULT_INPUT_IO_TOGGLE_RATE   ; 12.5 %                                 ; 12.5%          ; --          ; --                                ;
; POWER_PRESET_COOLING_SOLUTION        ; 23 MM HEAT SINK WITH 200 LFPM AIRFLOW  ; --             ; --          ; --                                ;
; PROJECT_OUTPUT_DIRECTORY             ; output_files                           ; --             ; --          ; --                                ;
; TOP_LEVEL_ENTITY                     ; DUT                                    ; IITB_RISC_2023 ; --          ; --                                ;
+--------------------------------------+----------------------------------------+----------------+-------------+-----------------------------------+


<<<<<<< HEAD
+----------------------------------------------------------------------------------------------------------------------------+
; Flow Elapsed Time                                                                                                          ;
+------------------------+--------------+-------------------------+---------------------+------------------------------------+
; Module Name            ; Elapsed Time ; Average Processors Used ; Peak Virtual Memory ; Total CPU Time (on all processors) ;
+------------------------+--------------+-------------------------+---------------------+------------------------------------+
; Analysis & Elaboration ; 00:00:07     ; 1.0                     ; 4772 MB             ; 00:00:09                           ;
; Total                  ; 00:00:07     ; --                      ; --                  ; 00:00:09                           ;
+------------------------+--------------+-------------------------+---------------------+------------------------------------+


+--------------------------------------------------------------------------------------+
; Flow OS Summary                                                                      ;
+------------------------+------------------+------------+------------+----------------+
; Module Name            ; Machine Hostname ; OS Name    ; OS Version ; Processor type ;
+------------------------+------------------+------------+------------+----------------+
; Analysis & Elaboration ; LAPTOP-M7CUMUKF  ; Windows 10 ; 10.0       ; x86_64         ;
+------------------------+------------------+------------+------------+----------------+
=======
+--------------------------------------------------------------------------------------------------------------------------+
; Flow Elapsed Time                                                                                                        ;
+----------------------+--------------+-------------------------+---------------------+------------------------------------+
; Module Name          ; Elapsed Time ; Average Processors Used ; Peak Virtual Memory ; Total CPU Time (on all processors) ;
+----------------------+--------------+-------------------------+---------------------+------------------------------------+
; Analysis & Synthesis ; 00:00:15     ; 1.0                     ; 4860 MB             ; 00:00:19                           ;
; Total                ; 00:00:15     ; --                      ; --                  ; 00:00:19                           ;
+----------------------+--------------+-------------------------+---------------------+------------------------------------+


+------------------------------------------------------------------------------------+
; Flow OS Summary                                                                    ;
+----------------------+------------------+------------+------------+----------------+
; Module Name          ; Machine Hostname ; OS Name    ; OS Version ; Processor type ;
+----------------------+------------------+------------+------------+----------------+
; Analysis & Synthesis ; LAPTOP-6BAVJRBK  ; Windows 10 ; 10.0       ; x86_64         ;
+----------------------+------------------+------------+------------+----------------+
>>>>>>> b19f83e0e8c7e58f2ce4e2132705276147518d4d


------------
; Flow Log ;
------------
<<<<<<< HEAD
quartus_map --read_settings_files=on --write_settings_files=off IITB_RISC_2023 -c IITB_RISC_2023 --analysis_and_elaboration
=======
quartus_map --read_settings_files=on --write_settings_files=off IITB_RISC_2023 -c IITB_RISC_2023
>>>>>>> b19f83e0e8c7e58f2ce4e2132705276147518d4d



